<?xml version="1.0" encoding="UTF-8"?>
<!-- Generated by org.testng.reporters.JUnitReportReporter -->
<testsuite skipped="0" hostname="admin" name="com.test.NewTest" tests="1" failures="0" timestamp="18 Jan 2018 03:25:49 GMT" time="3.922" errors="0">
  <testcase name="f" time="3.922" classname="com.test.NewTest"/>
</testsuite> <!-- com.test.NewTest -->
